<?xml version="1.0" encoding="UTF-8"?>
<!-- Generated by org.testng.reporters.JUnitReportReporter -->
<testsuite hostname="suryasrikar" failures="0" tests="3" name="selenium_basic.selenium.AppTest" time="67.603" errors="0" timestamp="2025-02-17T17:11:31 IST" skipped="0">
  <testcase classname="selenium_basic.selenium.AppTest" name="testBasicAuthAlert" time="16.524"/>
  <system-out/>
  <testcase classname="selenium_basic.selenium.AppTest" name="testIframes" time="13.095"/>
  <system-out/>
  <testcase classname="selenium_basic.selenium.AppTest" name="testAddRemove" time="37.984"/>
  <system-out/>
</testsuite> <!-- selenium_basic.selenium.AppTest -->
