<?xml version="1.0" encoding="UTF-8"?>
<!-- Generated by org.testng.reporters.JUnitReportReporter -->
<testsuite hostname="suryasrikar" failures="0" tests="2" name="selenium_basic.selenium.TestNGExample" time="0.015" errors="0" timestamp="2025-02-14T09:32:41 IST" skipped="0">
  <testcase classname="selenium_basic.selenium.TestNGExample" name="test1" time="0.013"/>
  <system-out/>
  <testcase classname="selenium_basic.selenium.TestNGExample" name="test2" time="0.002"/>
  <system-out/>
</testsuite> <!-- selenium_basic.selenium.TestNGExample -->
