<?xml version="1.0" encoding="UTF-8"?>
<!-- Generated by org.testng.reporters.JUnitReportReporter -->
<testsuite hostname="suryasrikar" failures="0" tests="1" name="selenium_basic.selenium.Endtoend2" time="5.734" errors="0" timestamp="2025-02-10T19:38:33 IST" skipped="0">
  <testcase classname="selenium_basic.selenium.Endtoend2" name="endtoend" time="5.734"/>
  <system-out/>
</testsuite> <!-- selenium_basic.selenium.Endtoend2 -->
