<?xml version="1.0" encoding="UTF-8"?>
<!-- Generated by org.testng.reporters.JUnitReportReporter -->
<testsuite hostname="suryasrikar" failures="0" tests="1" name="selenium_basic.selenium.Ecommerece" time="15.122" errors="0" timestamp="2025-02-10T22:51:59 IST" skipped="0">
  <testcase classname="selenium_basic.selenium.Ecommerece" name="endtoend" time="15.122"/>
  <system-out/>
</testsuite> <!-- selenium_basic.selenium.Ecommerece -->
